C:\Projects_test\Angular6Core2App\App.Web\dist\out-tsc\src\app\in-memory-data.service.js
C:\Projects_test\Angular6Core2App\App.Web\dist\out-tsc\src\app\in-memory-data.service.js.map
C:\Projects_test\Angular6Core2App\App.Web\dist\out-tsc\src\app\hero.js
C:\Projects_test\Angular6Core2App\App.Web\dist\out-tsc\src\app\hero.js.map
C:\Projects_test\Angular6Core2App\App.Web\dist\out-tsc\src\app\message.service.js
C:\Projects_test\Angular6Core2App\App.Web\dist\out-tsc\src\app\message.service.js.map
C:\Projects_test\Angular6Core2App\App.Web\dist\out-tsc\src\app\hero.service.js
C:\Projects_test\Angular6Core2App\App.Web\dist\out-tsc\src\app\hero.service.js.map
C:\Projects_test\Angular6Core2App\App.Web\dist\out-tsc\src\app\dashboard\dashboard.component.js
C:\Projects_test\Angular6Core2App\App.Web\dist\out-tsc\src\app\dashboard\dashboard.component.js.map
C:\Projects_test\Angular6Core2App\App.Web\dist\out-tsc\src\app\heroes\heroes.component.js
C:\Projects_test\Angular6Core2App\App.Web\dist\out-tsc\src\app\heroes\heroes.component.js.map
C:\Projects_test\Angular6Core2App\App.Web\dist\out-tsc\src\app\hero-details\hero-details.component.js
C:\Projects_test\Angular6Core2App\App.Web\dist\out-tsc\src\app\hero-details\hero-details.component.js.map
C:\Projects_test\Angular6Core2App\App.Web\dist\out-tsc\src\app\app-routing.module.js
C:\Projects_test\Angular6Core2App\App.Web\dist\out-tsc\src\app\app-routing.module.js.map
C:\Projects_test\Angular6Core2App\App.Web\dist\out-tsc\src\app\app.component.js
C:\Projects_test\Angular6Core2App\App.Web\dist\out-tsc\src\app\app.component.js.map
C:\Projects_test\Angular6Core2App\App.Web\dist\out-tsc\src\app\hero-search\hero-search.component.js
C:\Projects_test\Angular6Core2App\App.Web\dist\out-tsc\src\app\hero-search\hero-search.component.js.map
C:\Projects_test\Angular6Core2App\App.Web\dist\out-tsc\src\app\messages\messages.component.js
C:\Projects_test\Angular6Core2App\App.Web\dist\out-tsc\src\app\messages\messages.component.js.map
C:\Projects_test\Angular6Core2App\App.Web\dist\out-tsc\src\app\app.module.js
C:\Projects_test\Angular6Core2App\App.Web\dist\out-tsc\src\app\app.module.js.map
C:\Projects_test\Angular6Core2App\App.Web\dist\out-tsc\src\environments\environment.js
C:\Projects_test\Angular6Core2App\App.Web\dist\out-tsc\src\environments\environment.js.map
C:\Projects_test\Angular6Core2App\App.Web\dist\out-tsc\src\main.js
C:\Projects_test\Angular6Core2App\App.Web\dist\out-tsc\src\main.js.map
C:\Projects_test\Angular6Core2App\App.Web\dist\out-tsc\src\polyfills.js
C:\Projects_test\Angular6Core2App\App.Web\dist\out-tsc\src\polyfills.js.map
C:\Projects_test\Angular6Core2App\App.Web\dist\out-tsc\src\test.js
C:\Projects_test\Angular6Core2App\App.Web\dist\out-tsc\src\test.js.map
C:\Projects_test\Angular6Core2App\App.Web\dist\out-tsc\e2e\src\app.po.js
C:\Projects_test\Angular6Core2App\App.Web\dist\out-tsc\e2e\src\app.po.js.map
C:\Projects_test\Angular6Core2App\App.Web\dist\out-tsc\e2e\src\app.e2e-spec.js
C:\Projects_test\Angular6Core2App\App.Web\dist\out-tsc\e2e\src\app.e2e-spec.js.map
C:\Projects_test\Angular6Core2App\App.Web\dist\out-tsc\src\app\app-routing.module.spec.js
C:\Projects_test\Angular6Core2App\App.Web\dist\out-tsc\src\app\app-routing.module.spec.js.map
C:\Projects_test\Angular6Core2App\App.Web\dist\out-tsc\src\app\app.component.spec.js
C:\Projects_test\Angular6Core2App\App.Web\dist\out-tsc\src\app\app.component.spec.js.map
C:\Projects_test\Angular6Core2App\App.Web\dist\out-tsc\src\app\hero.service.spec.js
C:\Projects_test\Angular6Core2App\App.Web\dist\out-tsc\src\app\hero.service.spec.js.map
C:\Projects_test\Angular6Core2App\App.Web\dist\out-tsc\src\app\message.service.spec.js
C:\Projects_test\Angular6Core2App\App.Web\dist\out-tsc\src\app\message.service.spec.js.map
C:\Projects_test\Angular6Core2App\App.Web\dist\out-tsc\src\app\mock-heroes.js
C:\Projects_test\Angular6Core2App\App.Web\dist\out-tsc\src\app\mock-heroes.js.map
C:\Projects_test\Angular6Core2App\App.Web\dist\out-tsc\src\environments\environment.prod.js
C:\Projects_test\Angular6Core2App\App.Web\dist\out-tsc\src\environments\environment.prod.js.map
C:\Projects_test\Angular6Core2App\App.Web\dist\out-tsc\src\app\dashboard\dashboard.component.spec.js
C:\Projects_test\Angular6Core2App\App.Web\dist\out-tsc\src\app\dashboard\dashboard.component.spec.js.map
C:\Projects_test\Angular6Core2App\App.Web\dist\out-tsc\src\app\hero-details\hero-details.component.spec.js
C:\Projects_test\Angular6Core2App\App.Web\dist\out-tsc\src\app\hero-details\hero-details.component.spec.js.map
C:\Projects_test\Angular6Core2App\App.Web\dist\out-tsc\src\app\hero-search\hero-search.component.spec.js
C:\Projects_test\Angular6Core2App\App.Web\dist\out-tsc\src\app\hero-search\hero-search.component.spec.js.map
C:\Projects_test\Angular6Core2App\App.Web\dist\out-tsc\src\app\heroes\heroes.component.spec.js
C:\Projects_test\Angular6Core2App\App.Web\dist\out-tsc\src\app\heroes\heroes.component.spec.js.map
C:\Projects_test\Angular6Core2App\App.Web\dist\out-tsc\src\app\messages\messages.component.spec.js
C:\Projects_test\Angular6Core2App\App.Web\dist\out-tsc\src\app\messages\messages.component.spec.js.map
